<?xml version="1.0" encoding="UTF-8" ?>
<testsuite errors="0" failures="0" hostname="CU-CS-VM" name="edu.uchsc.ccp.opendmap.patternusage.UsingDependencyRelationsInPatternsTest" tests="14" time="34.118" timestamp="2014-12-16T20:43:31">
  <properties>
[...]
</properties>
  <testcase classname="edu.uchsc.ccp.opendmap.patternusage.UsingDependencyRelationsInPatternsTest" name="testParse_fillingTwoSlots" time="16.605" />
  <testcase classname="edu.uchsc.ccp.opendmap.patternusage.UsingDependencyRelationsInPatternsTest" name="testParse_usingDependencyRelationsDoesNotBreakThings" time="2.413" />
  <testcase classname="edu.uchsc.ccp.opendmap.patternusage.UsingDependencyRelationsInPatternsTest" name="testParse_interveningTextDoesBreakThings" time="1.659" />
  <testcase classname="edu.uchsc.ccp.opendmap.patternusage.UsingDependencyRelationsInPatternsTest" name="testParse_usingDependencyRelationsDoesNotBreakThingsWithUnderscore" time="1.027" />
  <testcase classname="edu.uchsc.ccp.opendmap.patternusage.UsingDependencyRelationsInPatternsTest" name="testParse_usingDependencyRelationsInPatternWithoutDependencyRelationsOnText" time="1.304" />
  <testcase classname="edu.uchsc.ccp.opendmap.patternusage.UsingDependencyRelationsInPatternsTest" name="testParse_usingDependencyRelationsWithMinusSign" time="1.419" />
  <testcase classname="edu.uchsc.ccp.opendmap.patternusage.UsingDependencyRelationsInPatternsTest" name="testParse_usingDependencyRelationsWithMinusSignAndWithheldDependencyInfo" time="1.397" />
  <testcase classname="edu.uchsc.ccp.opendmap.patternusage.UsingDependencyRelationsInPatternsTest" name="testParse_anotherWhereInterveningTextDoesBreakThings" time="1.43" />
  <testcase classname="edu.uchsc.ccp.opendmap.patternusage.UsingDependencyRelationsInPatternsTest" name="testParse_usingDependencyRelationsToResolveABadParse" time="0.852" />
  <testcase classname="edu.uchsc.ccp.opendmap.patternusage.UsingDependencyRelationsInPatternsTest" name="testParse_usingDependencyRelationsFillingMultipleSlots" time="0.777" />
  <testcase classname="edu.uchsc.ccp.opendmap.patternusage.UsingDependencyRelationsInPatternsTest" name="testParse_usingDependencyRelationsFillingMultipleSlotsWithInterveningText" time="0.762" />
  <testcase classname="edu.uchsc.ccp.opendmap.patternusage.UsingDependencyRelationsInPatternsTest" name="testParse_usingDependencyRelationsFillingMultipleSlotsWithMulipleProteins" time="0.491" />
  <testcase classname="edu.uchsc.ccp.opendmap.patternusage.UsingDependencyRelationsInPatternsTest" name="testParse_usingDependencyRelationsFillingMultipleSlotsWithMulipleDependencyConstraintsXHHY" time="1.123" />
  <testcase classname="edu.uchsc.ccp.opendmap.patternusage.UsingDependencyRelationsInPatternsTest" name="testParse_usingDependencyRelationsFillingMultipleSlotsWithMulipleDependencyConstraintsXHX" time="0.98" />
  <system-out><![CDATA[]]></system-out>
  <system-err><![CDATA[]]></system-err>
</testsuite>
